<?xml version="1.0" encoding="UTF-8"?>
<!-- Generated by org.testng.reporters.JUnitReportReporter -->
<testsuite skipped="0" hostname="Nehas-MacBook-Pro.local" name="Project.maven.AppTest" tests="1" failures="0" timestamp="23 Mar 2017 06:14:17 GMT" time="5.200" errors="0">
  <testcase name="testCase" time="5.200" classname="Project.maven.AppTest"/>
</testsuite> <!-- Project.maven.AppTest -->
