<?xml version="1.0" encoding="UTF-8"?>
<!-- Generated by org.testng.reporters.JUnitReportReporter -->
<testsuite skipped="0" hostname="Nehas-MacBook-Pro.local" name="Project.maven.AppTest" tests="1" failures="0" timestamp="23 Mar 2017 04:51:32 GMT" time="0.010" errors="0">
  <testcase name="testCase" time="0.010" classname="Project.maven.AppTest"/>
</testsuite> <!-- Project.maven.AppTest -->
